2017-07-04 10:13:30,800 - INFO - celery_not_app_content.py - <module> - (lineno)s - hello world
2017-07-04 10:13:30,835 - INFO - _internal.py - _log - (lineno)s -  * Running on http://127.0.0.1:5000/ (Press CTRL+C to quit)
2017-07-04 10:13:30,837 - INFO - _internal.py - _log - (lineno)s -  * Restarting with stat
2017-07-04 10:13:31,641 - INFO - celery_not_app_content.py - <module> - (lineno)s - hello world
2017-07-04 10:13:31,653 - WARNING - _internal.py - _log - (lineno)s -  * Debugger is active!
2017-07-04 10:13:31,679 - INFO - _internal.py - _log - (lineno)s -  * Debugger PIN: 155-135-095
2017-07-04 10:13:45,890 - INFO - _internal.py - _log - (lineno)s -  * Detected change in '/Users/xiaowei.song/opensource-workspace/code_snippet/python/celery/celery_not_app_content.py', reloading
2017-07-04 10:13:45,937 - INFO - _internal.py - _log - (lineno)s -  * Restarting with stat
2017-07-04 10:13:46,894 - INFO - celery_not_app_content.py - <module> - 90 - hello world
2017-07-04 10:13:46,913 - WARNING - _internal.py - _log - 87 -  * Debugger is active!
2017-07-04 10:13:46,931 - INFO - _internal.py - _log - 87 -  * Debugger PIN: 155-135-095
2017-07-04 10:13:49,829 - INFO - celery_not_app_content.py - <module> - 90 - hello world
2017-07-04 10:13:49,843 - INFO - _internal.py - _log - 87 -  * Running on http://127.0.0.1:5000/ (Press CTRL+C to quit)
2017-07-04 10:13:49,844 - INFO - _internal.py - _log - 87 -  * Restarting with stat
2017-07-04 10:13:50,661 - INFO - celery_not_app_content.py - <module> - 90 - hello world
2017-07-04 10:13:50,672 - WARNING - _internal.py - _log - 87 -  * Debugger is active!
2017-07-04 10:13:50,688 - INFO - _internal.py - _log - 87 -  * Debugger PIN: 155-135-095
2017-07-04 10:13:58,808 - INFO - celery_not_app_content.py - <module> - 90 - hello world
2017-07-04 10:14:55,163 - INFO - celery_not_app_content.py - <module> - 90 - hello world
2017-07-04 10:15:07,597 - INFO - _internal.py - _log - 87 -  * Detected change in '/Users/xiaowei.song/opensource-workspace/code_snippet/python/celery/celery_not_app_content.py', reloading
2017-07-04 10:15:07,641 - INFO - _internal.py - _log - 87 -  * Restarting with stat
2017-07-04 10:15:08,554 - INFO - celery_not_app_content.py - <module> - 90 - hello world
2017-07-04 10:15:08,592 - WARNING - _internal.py - _log - 87 -  * Debugger is active!
2017-07-04 10:15:08,622 - INFO - _internal.py - _log - 87 -  * Debugger PIN: 155-135-095
2017-07-04 10:15:14,493 - INFO - celery_not_app_content.py - <module> - 90 - hello world
2017-07-04 10:20:23,663 - INFO - _internal.py - _log - 87 -  * Detected change in '/Users/xiaowei.song/opensource-workspace/code_snippet/python/celery/celery_not_app_content.py', reloading
2017-07-04 10:20:23,767 - INFO - _internal.py - _log - 87 -  * Restarting with stat
2017-07-04 10:20:25,511 - INFO - celery_not_app_content.py - <module> - 89 - hello world
2017-07-04 10:20:25,548 - WARNING - _internal.py - _log - 87 -  * Debugger is active!
2017-07-04 10:20:25,571 - INFO - _internal.py - _log - 87 -  * Debugger PIN: 155-135-095
2017-07-04 10:20:29,644 - INFO - _internal.py - _log - 87 -  * Detected change in '/Users/xiaowei.song/opensource-workspace/code_snippet/python/celery/celery_not_app_content.py', reloading
2017-07-04 10:20:29,683 - INFO - _internal.py - _log - 87 -  * Restarting with stat
2017-07-04 10:20:30,454 - INFO - celery_not_app_content.py - <module> - 89 - hello world
2017-07-04 10:20:30,467 - WARNING - _internal.py - _log - 87 -  * Debugger is active!
2017-07-04 10:20:30,483 - INFO - _internal.py - _log - 87 -  * Debugger PIN: 155-135-095
2017-07-04 10:22:27,939 - INFO - _internal.py - _log - 87 -  * Detected change in '/Users/xiaowei.song/opensource-workspace/code_snippet/python/celery/celery_not_app_content.py', reloading
2017-07-04 10:22:27,986 - INFO - _internal.py - _log - 87 -  * Restarting with stat
2017-07-04 10:22:30,136 - INFO - celery_not_app_content.py - <module> - 88 - hello world
2017-07-04 10:22:30,177 - WARNING - _internal.py - _log - 87 -  * Debugger is active!
2017-07-04 10:22:30,208 - INFO - _internal.py - _log - 87 -  * Debugger PIN: 155-135-095
2017-07-04 10:22:34,010 - INFO - celery_not_app_content.py - <module> - 88 - hello world
2017-07-04 10:23:13,751 - INFO - _internal.py - _log - 87 -  * Detected change in '/Users/xiaowei.song/opensource-workspace/code_snippet/python/celery/celery_not_app_content.py', reloading
2017-07-04 10:23:13,807 - INFO - _internal.py - _log - 87 -  * Restarting with stat
2017-07-04 10:23:14,713 - INFO - celery_not_app_content.py - <module> - 88 - hello world
2017-07-04 10:23:14,736 - WARNING - _internal.py - _log - 87 -  * Debugger is active!
2017-07-04 10:23:14,751 - INFO - _internal.py - _log - 87 -  * Debugger PIN: 155-135-095
2017-07-04 10:23:20,864 - INFO - _internal.py - _log - 87 -  * Detected change in '/Users/xiaowei.song/opensource-workspace/code_snippet/python/celery/celery_not_app_content.py', reloading
2017-07-04 10:23:20,910 - INFO - _internal.py - _log - 87 -  * Restarting with stat
2017-07-04 10:23:21,815 - INFO - celery_not_app_content.py - <module> - 87 - hello world
2017-07-04 10:23:21,833 - WARNING - _internal.py - _log - 87 -  * Debugger is active!
2017-07-04 10:23:21,856 - INFO - _internal.py - _log - 87 -  * Debugger PIN: 155-135-095
2017-07-04 10:23:27,957 - INFO - _internal.py - _log - 87 -  * Detected change in '/Users/xiaowei.song/opensource-workspace/code_snippet/python/celery/celery_not_app_content.py', reloading
2017-07-04 10:23:27,998 - INFO - _internal.py - _log - 87 -  * Restarting with stat
2017-07-04 10:23:28,805 - INFO - celery_not_app_content.py - <module> - 87 - hello world
2017-07-04 10:23:28,818 - WARNING - _internal.py - _log - 87 -  * Debugger is active!
2017-07-04 10:23:28,835 - INFO - _internal.py - _log - 87 -  * Debugger PIN: 155-135-095
2017-07-04 10:23:30,868 - INFO - _internal.py - _log - 87 -  * Detected change in '/Users/xiaowei.song/opensource-workspace/code_snippet/python/celery/celery_not_app_content.py', reloading
2017-07-04 10:23:30,913 - INFO - _internal.py - _log - 87 -  * Restarting with stat
2017-07-04 10:23:31,744 - INFO - celery_not_app_content.py - <module> - 87 - hello world
2017-07-04 10:23:31,756 - WARNING - _internal.py - _log - 87 -  * Debugger is active!
2017-07-04 10:23:31,775 - INFO - _internal.py - _log - 87 -  * Debugger PIN: 155-135-095
2017-07-04 10:23:35,233 - INFO - celery_not_app_content.py - <module> - 87 - hello world
2017-07-04 10:27:05,455 - INFO - _internal.py - _log - 87 -  * Detected change in '/Users/xiaowei.song/opensource-workspace/code_snippet/python/celery/celery_not_app_content.py', reloading
2017-07-04 10:27:05,501 - INFO - _internal.py - _log - 87 -  * Restarting with stat
2017-07-04 10:27:07,072 - INFO - celery_not_app_content.py - <module> - 87 - hello world
2017-07-04 10:27:07,110 - WARNING - _internal.py - _log - 87 -  * Debugger is active!
2017-07-04 10:27:07,132 - INFO - _internal.py - _log - 87 -  * Debugger PIN: 155-135-095
2017-07-04 10:27:09,181 - INFO - _internal.py - _log - 87 -  * Detected change in '/Users/xiaowei.song/opensource-workspace/code_snippet/python/celery/celery_not_app_content.py', reloading
2017-07-04 10:27:09,222 - INFO - _internal.py - _log - 87 -  * Restarting with stat
2017-07-04 10:27:10,038 - INFO - celery_not_app_content.py - <module> - 87 - hello world
2017-07-04 10:27:10,056 - WARNING - _internal.py - _log - 87 -  * Debugger is active!
2017-07-04 10:27:10,072 - INFO - _internal.py - _log - 87 -  * Debugger PIN: 155-135-095
2017-07-04 10:27:16,155 - INFO - _internal.py - _log - 87 -  * Detected change in '/Users/xiaowei.song/opensource-workspace/code_snippet/python/celery/celery_not_app_content.py', reloading
2017-07-04 10:27:16,198 - INFO - _internal.py - _log - 87 -  * Restarting with stat
2017-07-04 10:27:17,421 - INFO - celery_not_app_content.py - <module> - 87 - hello world
2017-07-04 10:27:17,437 - WARNING - _internal.py - _log - 87 -  * Debugger is active!
2017-07-04 10:27:17,461 - INFO - _internal.py - _log - 87 -  * Debugger PIN: 155-135-095
2017-07-04 10:27:29,785 - INFO - celery_not_app_content.py - <module> - 87 - hello world
2017-07-04 10:32:16,083 - INFO - _internal.py - _log - 87 -  * Detected change in '/Users/xiaowei.song/opensource-workspace/code_snippet/python/celery/celery_not_app_content.py', reloading
2017-07-04 10:32:16,215 - INFO - _internal.py - _log - 87 -  * Restarting with stat
2017-07-04 10:32:17,998 - INFO - celery_not_app_content.py - <module> - 87 - hello world
2017-07-04 10:32:18,038 - WARNING - _internal.py - _log - 87 -  * Debugger is active!
2017-07-04 10:32:18,066 - INFO - _internal.py - _log - 87 -  * Debugger PIN: 155-135-095
2017-07-04 10:33:46,196 - INFO - _internal.py - _log - 87 -  * Detected change in '/Users/xiaowei.song/opensource-workspace/code_snippet/python/celery/celery_not_app_content.py', reloading
2017-07-04 10:33:46,234 - INFO - _internal.py - _log - 87 -  * Restarting with stat
2017-07-04 10:33:47,803 - INFO - celery_not_app_content.py - <module> - 87 - hello world
2017-07-04 10:33:47,804 - INFO - celery_not_app_content.py - <module> - 89 - Task logger.
2017-07-04 10:33:47,840 - WARNING - _internal.py - _log - 87 -  * Debugger is active!
2017-07-04 10:33:47,875 - INFO - _internal.py - _log - 87 -  * Debugger PIN: 155-135-095
2017-07-04 10:34:40,548 - INFO - _internal.py - _log - 87 -  * Detected change in '/Users/xiaowei.song/opensource-workspace/code_snippet/python/celery/celery_not_app_content.py', reloading
2017-07-04 10:34:40,591 - INFO - _internal.py - _log - 87 -  * Restarting with stat
2017-07-04 10:34:42,191 - INFO - celery_not_app_content.py - <module> - 89 - hello world
2017-07-04 10:34:42,192 - INFO - celery_not_app_content.py - <module> - 91 - Task logger.
2017-07-04 10:34:42,222 - WARNING - _internal.py - _log - 87 -  * Debugger is active!
2017-07-04 10:34:42,242 - INFO - _internal.py - _log - 87 -  * Debugger PIN: 155-135-095
2017-07-04 10:35:15,697 - INFO - _internal.py - _log - 87 -  * Detected change in '/Users/xiaowei.song/opensource-workspace/code_snippet/python/celery/celery_not_app_content.py', reloading
2017-07-04 10:35:15,744 - INFO - _internal.py - _log - 87 -  * Restarting with stat
2017-07-04 10:35:17,362 - INFO - celery_not_app_content.py - <module> - 88 - Task logger.
2017-07-04 10:35:17,370 - INFO - celery_not_app_content.py - <module> - 91 - hello world
2017-07-04 10:35:17,402 - WARNING - _internal.py - _log - 87 -  * Debugger is active!
2017-07-04 10:35:17,421 - INFO - _internal.py - _log - 87 -  * Debugger PIN: 155-135-095
2017-07-04 10:35:44,791 - INFO - _internal.py - _log - 87 -  * Detected change in '/Users/xiaowei.song/opensource-workspace/code_snippet/python/celery/celery_not_app_content.py', reloading
2017-07-04 10:35:44,834 - INFO - _internal.py - _log - 87 -  * Restarting with stat
2017-07-04 10:35:46,432 - INFO - celery_not_app_content.py - <module> - 88 - Task logger.
2017-07-04 10:35:46,442 - INFO - celery_not_app_content.py - <module> - 91 - hello world
2017-07-04 10:35:46,483 - WARNING - _internal.py - _log - 87 -  * Debugger is active!
2017-07-04 10:35:46,509 - INFO - _internal.py - _log - 87 -  * Debugger PIN: 155-135-095
2017-07-04 10:35:53,623 - INFO - _internal.py - _log - 87 -  * Detected change in '/Users/xiaowei.song/opensource-workspace/code_snippet/python/celery/celery_not_app_content.py', reloading
2017-07-04 10:35:53,683 - INFO - _internal.py - _log - 87 -  * Restarting with stat
2017-07-04 10:35:54,636 - INFO - celery_not_app_content.py - <module> - 89 - Task logger.
2017-07-04 10:35:54,642 - INFO - celery_not_app_content.py - <module> - 92 - hello world
2017-07-04 10:35:54,655 - WARNING - _internal.py - _log - 87 -  * Debugger is active!
2017-07-04 10:35:54,675 - INFO - _internal.py - _log - 87 -  * Debugger PIN: 155-135-095
2017-07-04 10:36:08,872 - INFO - _internal.py - _log - 87 -  * Detected change in '/Users/xiaowei.song/opensource-workspace/code_snippet/python/celery/celery_not_app_content.py', reloading
2017-07-04 10:36:08,914 - INFO - _internal.py - _log - 87 -  * Restarting with stat
2017-07-04 10:36:09,793 - INFO - celery_not_app_content.py - <module> - 90 - Task logger.
2017-07-04 10:36:09,799 - INFO - celery_not_app_content.py - <module> - 93 - hello world
2017-07-04 10:36:09,817 - WARNING - _internal.py - _log - 87 -  * Debugger is active!
2017-07-04 10:36:09,834 - INFO - _internal.py - _log - 87 -  * Debugger PIN: 155-135-095
2017-07-04 10:36:37,195 - INFO - _internal.py - _log - 87 -  * Detected change in '/Users/xiaowei.song/opensource-workspace/code_snippet/python/celery/celery_not_app_content.py', reloading
2017-07-04 10:36:37,247 - INFO - _internal.py - _log - 87 -  * Restarting with stat
2017-07-04 10:36:38,740 - INFO - celery_not_app_content.py - <module> - 94 - hello world
2017-07-04 10:36:38,742 - INFO - celery_not_app_content.py - <module> - 95 - Task logger.
2017-07-04 10:36:38,774 - WARNING - _internal.py - _log - 87 -  * Debugger is active!
2017-07-04 10:36:38,799 - INFO - _internal.py - _log - 87 -  * Debugger PIN: 155-135-095
2017-07-04 10:36:44,083 - INFO - celery_not_app_content.py - <module> - 94 - hello world
2017-07-04 10:36:44,083 - INFO - celery_not_app_content.py - <module> - 95 - Task logger.
2017-07-04 10:37:11,225 - INFO - _internal.py - _log - 87 -  * Detected change in '/Users/xiaowei.song/opensource-workspace/code_snippet/python/celery/celery_not_app_content.py', reloading
2017-07-04 10:37:11,275 - INFO - _internal.py - _log - 87 -  * Restarting with stat
2017-07-04 10:37:12,939 - INFO - celery_not_app_content.py - <module> - 94 - hello world
2017-07-04 10:37:12,939 - INFO - celery_not_app_content.py - <module> - 95 - Task logger.
2017-07-04 10:37:12,969 - WARNING - _internal.py - _log - 87 -  * Debugger is active!
2017-07-04 10:37:12,991 - INFO - _internal.py - _log - 87 -  * Debugger PIN: 155-135-095
2017-07-04 10:37:15,510 - INFO - celery_not_app_content.py - <module> - 94 - hello world
2017-07-04 10:37:15,511 - INFO - celery_not_app_content.py - <module> - 95 - Task logger.
